Started GET "/cats" for ::1 at 2021-05-27 15:24:42 -0400

ActiveRecord::NoDatabaseError - FATAL:  database "ninety_nine_cats_development" does not exist:

  [1m[35m (561.1ms)[0m  [1m[35mCREATE DATABASE "ninety_nine_cats_development" ENCODING = 'unicode'[0m
  ↳ bin/rails:9
  [1m[35m (520.9ms)[0m  [1m[35mCREATE DATABASE "ninety_nine_cats_test" ENCODING = 'unicode'[0m
  ↳ bin/rails:9
  [1m[35mSQL (1.2ms)[0m  [1m[35mCREATE EXTENSION IF NOT EXISTS "plpgsql"[0m
  ↳ db/schema.rb:16
  [1m[35m (1.6ms)[0m  [1m[35mDROP TABLE IF EXISTS "cats" CASCADE[0m
  ↳ db/schema.rb:18
  [1m[35m (30.1ms)[0m  [1m[35mCREATE TABLE "cats" ("id" bigserial primary key, "birth_date" date NOT NULL, "created_at" timestamp NOT NULL, "updated_at" timestamp NOT NULL, "color" character varying NOT NULL, "name" character varying NOT NULL, "sex" character varying(1) NOT NULL, "description" text)[0m
  ↳ db/schema.rb:18
  [1m[35m (27.8ms)[0m  [1m[35mCREATE TABLE "schema_migrations" ("version" character varying NOT NULL PRIMARY KEY)[0m
  ↳ db/schema.rb:13
  [1m[35m (0.8ms)[0m  [1m[34mSELECT "schema_migrations"."version" FROM "schema_migrations" ORDER BY "schema_migrations"."version" ASC[0m
  ↳ db/schema.rb:13
  [1m[35m (4.2ms)[0m  [1m[32mINSERT INTO "schema_migrations" (version) VALUES (20210527175614)[0m
  ↳ db/schema.rb:13
  [1m[35m (4.8ms)[0m  [1m[32mINSERT INTO "schema_migrations" (version) VALUES
(20210527175303);

[0m
  ↳ db/schema.rb:13
  [1m[35m (32.9ms)[0m  [1m[35mCREATE TABLE "ar_internal_metadata" ("key" character varying NOT NULL PRIMARY KEY, "value" character varying, "created_at" timestamp NOT NULL, "updated_at" timestamp NOT NULL)[0m
  ↳ db/schema.rb:13
  [1m[36mActiveRecord::InternalMetadata Load (0.9ms)[0m  [1m[34mSELECT  "ar_internal_metadata".* FROM "ar_internal_metadata" WHERE "ar_internal_metadata"."key" = $1 LIMIT $2[0m  [["key", "environment"], ["LIMIT", 1]]
  ↳ db/schema.rb:13
  [1m[35m (0.3ms)[0m  [1m[35mBEGIN[0m
  ↳ db/schema.rb:13
  [1m[36mActiveRecord::InternalMetadata Create (1.1ms)[0m  [1m[32mINSERT INTO "ar_internal_metadata" ("key", "value", "created_at", "updated_at") VALUES ($1, $2, $3, $4) RETURNING "key"[0m  [["key", "environment"], ["value", "development"], ["created_at", "2021-05-27 19:26:47.851935"], ["updated_at", "2021-05-27 19:26:47.851935"]]
  ↳ db/schema.rb:13
  [1m[35m (3.8ms)[0m  [1m[35mCOMMIT[0m
  ↳ db/schema.rb:13
  [1m[36mActiveRecord::InternalMetadata Load (1.1ms)[0m  [1m[34mSELECT  "ar_internal_metadata".* FROM "ar_internal_metadata" WHERE "ar_internal_metadata"."key" = $1 LIMIT $2[0m  [["key", "environment"], ["LIMIT", 1]]
  ↳ bin/rails:9
  [1m[35m (0.4ms)[0m  [1m[35mBEGIN[0m
  ↳ bin/rails:9
  [1m[35m (0.4ms)[0m  [1m[35mCOMMIT[0m
  ↳ bin/rails:9
  [1m[35mSQL (0.6ms)[0m  [1m[35mCREATE EXTENSION IF NOT EXISTS "plpgsql"[0m
  ↳ db/schema.rb:16
  [1m[35m (0.5ms)[0m  [1m[35mDROP TABLE IF EXISTS "cats" CASCADE[0m
  ↳ db/schema.rb:18
  [1m[35m (39.4ms)[0m  [1m[35mCREATE TABLE "cats" ("id" bigserial primary key, "birth_date" date NOT NULL, "created_at" timestamp NOT NULL, "updated_at" timestamp NOT NULL, "color" character varying NOT NULL, "name" character varying NOT NULL, "sex" character varying(1) NOT NULL, "description" text)[0m
  ↳ db/schema.rb:18
  [1m[35m (28.0ms)[0m  [1m[35mCREATE TABLE "schema_migrations" ("version" character varying NOT NULL PRIMARY KEY)[0m
  ↳ db/schema.rb:13
  [1m[35m (1.1ms)[0m  [1m[34mSELECT "schema_migrations"."version" FROM "schema_migrations" ORDER BY "schema_migrations"."version" ASC[0m
  ↳ db/schema.rb:13
  [1m[35m (4.1ms)[0m  [1m[32mINSERT INTO "schema_migrations" (version) VALUES (20210527175614)[0m
  ↳ db/schema.rb:13
  [1m[35m (4.0ms)[0m  [1m[32mINSERT INTO "schema_migrations" (version) VALUES
(20210527175303);

[0m
  ↳ db/schema.rb:13
  [1m[35m (27.9ms)[0m  [1m[35mCREATE TABLE "ar_internal_metadata" ("key" character varying NOT NULL PRIMARY KEY, "value" character varying, "created_at" timestamp NOT NULL, "updated_at" timestamp NOT NULL)[0m
  ↳ db/schema.rb:13
  [1m[36mActiveRecord::InternalMetadata Load (1.4ms)[0m  [1m[34mSELECT  "ar_internal_metadata".* FROM "ar_internal_metadata" WHERE "ar_internal_metadata"."key" = $1 LIMIT $2[0m  [["key", "environment"], ["LIMIT", 1]]
  ↳ db/schema.rb:13
  [1m[35m (0.3ms)[0m  [1m[35mBEGIN[0m
  ↳ db/schema.rb:13
  [1m[36mActiveRecord::InternalMetadata Create (1.1ms)[0m  [1m[32mINSERT INTO "ar_internal_metadata" ("key", "value", "created_at", "updated_at") VALUES ($1, $2, $3, $4) RETURNING "key"[0m  [["key", "environment"], ["value", "development"], ["created_at", "2021-05-27 19:26:48.014258"], ["updated_at", "2021-05-27 19:26:48.014258"]]
  ↳ db/schema.rb:13
  [1m[35m (4.0ms)[0m  [1m[35mCOMMIT[0m
  ↳ db/schema.rb:13
  [1m[36mActiveRecord::InternalMetadata Load (0.5ms)[0m  [1m[34mSELECT  "ar_internal_metadata".* FROM "ar_internal_metadata" WHERE "ar_internal_metadata"."key" = $1 LIMIT $2[0m  [["key", "environment"], ["LIMIT", 1]]
  ↳ bin/rails:9
  [1m[35m (0.3ms)[0m  [1m[35mBEGIN[0m
  ↳ bin/rails:9
  [1m[36mActiveRecord::InternalMetadata Update (1.0ms)[0m  [1m[33mUPDATE "ar_internal_metadata" SET "value" = $1, "updated_at" = $2 WHERE "ar_internal_metadata"."key" = $3[0m  [["value", "test"], ["updated_at", "2021-05-27 19:26:48.024721"], ["key", "environment"]]
  ↳ bin/rails:9
  [1m[35m (3.9ms)[0m  [1m[35mCOMMIT[0m
  ↳ bin/rails:9
  [1m[35m (1.2ms)[0m  [1m[34mSELECT "schema_migrations"."version" FROM "schema_migrations" ORDER BY "schema_migrations"."version" ASC[0m
  ↳ bin/rails:9
  [1m[35m (0.7ms)[0m  [1m[35mBEGIN[0m
  ↳ db/seeds.rb:9
  [1m[36mCat Create (1.3ms)[0m  [1m[32mINSERT INTO "cats" ("birth_date", "created_at", "updated_at", "color", "name", "sex") VALUES ($1, $2, $3, $4, $5, $6) RETURNING "id"[0m  [["birth_date", "2020-01-03"], ["created_at", "2021-05-27 19:26:57.256577"], ["updated_at", "2021-05-27 19:26:57.256577"], ["color", "Gold"], ["name", "Whiskers"], ["sex", "M"]]
  ↳ db/seeds.rb:11
  [1m[35m (5.2ms)[0m  [1m[35mCOMMIT[0m
  ↳ db/seeds.rb:9
Started GET "/cats" for ::1 at 2021-05-27 15:27:05 -0400
  [1m[35m (2.1ms)[0m  [1m[34mSELECT "schema_migrations"."version" FROM "schema_migrations" ORDER BY "schema_migrations"."version" ASC[0m
  ↳ /home/priyesh/.rbenv/versions/2.5.1/lib/ruby/gems/2.5.0/gems/activerecord-5.2.6/lib/active_record/log_subscriber.rb:98

ActionController::RoutingError - uninitialized constant CatsController:

Started GET "/cats" for ::1 at 2021-05-27 15:27:08 -0400

ActionController::RoutingError - uninitialized constant CatsController:

Started GET "/cats" for ::1 at 2021-05-27 15:27:38 -0400

ActionController::RoutingError - uninitialized constant CatsController:

Started GET "/cats" for ::1 at 2021-05-27 15:28:28 -0400

ActionController::RoutingError - uninitialized constant CatsController:

Started GET "/cats" for ::1 at 2021-05-27 15:30:09 -0400

ActionController::RoutingError - uninitialized constant CatsController:

Started GET "/cats" for ::1 at 2021-05-27 15:32:23 -0400

ActionController::RoutingError - uninitialized constant CatsController:

Started POST "/__better_errors/5838900fb7366427/variables" for ::1 at 2021-05-27 15:32:23 -0400
Started GET "/cats" for ::1 at 2021-05-27 15:36:45 -0400

ActionController::RoutingError - uninitialized constant CatsController:

Started POST "/__better_errors/1f6aa5ba4c424d5e/variables" for ::1 at 2021-05-27 15:36:45 -0400
Started GET "/cats" for ::1 at 2021-05-27 15:36:48 -0400

ActionController::RoutingError - uninitialized constant CatsController:

Started POST "/__better_errors/492df93f224c06e5/variables" for ::1 at 2021-05-27 15:36:48 -0400
Started GET "/cats" for ::1 at 2021-05-27 15:36:49 -0400

ActionController::RoutingError - uninitialized constant CatsController:

Started POST "/__better_errors/1e26b374795d4a05/variables" for ::1 at 2021-05-27 15:36:49 -0400
Started GET "/cats" for ::1 at 2021-05-27 15:36:50 -0400

ActionController::RoutingError - uninitialized constant CatsController:

Started POST "/__better_errors/436f7664c948f5db/variables" for ::1 at 2021-05-27 15:36:50 -0400
Started GET "/cats" for ::1 at 2021-05-27 15:36:50 -0400

ActionController::RoutingError - uninitialized constant CatsController:

Started POST "/__better_errors/0066fb6756750f88/variables" for ::1 at 2021-05-27 15:36:50 -0400
Started GET "/cats" for ::1 at 2021-05-27 15:36:55 -0400

ActionController::RoutingError - uninitialized constant CatsController:

Started POST "/__better_errors/243d732d58874aba/variables" for ::1 at 2021-05-27 15:36:55 -0400
Started GET "/cats" for ::1 at 2021-05-27 15:38:36 -0400
Processing by CatsController#index as HTML
Completed 500 Internal Server Error in 5ms (ActiveRecord: 0.0ms)



NameError - uninitialized constant CatsController::Cats:
  app/controllers/cats_controller.rb:4:in `index'

Started POST "/__better_errors/44c381a92d581df2/variables" for ::1 at 2021-05-27 15:38:37 -0400
Started GET "/cats" for ::1 at 2021-05-27 15:38:51 -0400
Processing by CatsController#index as HTML
Completed 500 Internal Server Error in 15ms (ActiveRecord: 0.0ms)



ActionView::MissingTemplate - Missing template cats/index, application/index with {:locale=>[:en], :formats=>[:html], :variants=>[], :handlers=>[:raw, :erb, :html, :builder, :ruby, :coffee, :jbuilder]}. Searched in:
  * "/home/priyesh/App_Academy_Class/W6/W6D5-Classwork/app/views":
  app/controllers/cats_controller.rb:5:in `index'

Started POST "/__better_errors/5f969aaa24186cf0/variables" for ::1 at 2021-05-27 15:38:51 -0400
  [1m[36mCat Load (0.8ms)[0m  [1m[34mSELECT  "cats".* FROM "cats" LIMIT $1[0m  [["LIMIT", 11]]
  ↳ /home/priyesh/.rbenv/versions/2.5.1/lib/ruby/gems/2.5.0/gems/activerecord-5.2.6/lib/active_record/log_subscriber.rb:98
Started GET "/cats" for ::1 at 2021-05-27 15:40:09 -0400
Processing by CatsController#index as HTML
  Rendering cats/index.html.erb within layouts/application
  Rendered cats/index.html.erb within layouts/application (14.5ms)
Completed 200 OK in 347ms (Views: 346.4ms | ActiveRecord: 0.0ms)


Started GET "/cats" for ::1 at 2021-05-27 15:45:03 -0400
Processing by CatsController#index as HTML
  Rendering cats/index.html.erb within layouts/application
  [1m[36mCat Load (1.0ms)[0m  [1m[34mSELECT "cats".* FROM "cats"[0m
  ↳ app/views/cats/index.html.erb:2
  Rendered cats/index.html.erb within layouts/application (23.2ms)
Completed 500 Internal Server Error in 34ms (ActiveRecord: 10.1ms)



ActionView::MissingTemplate - Missing partial cats/_cat, application/_cat with {:locale=>[:en], :formats=>[:html], :variants=>[], :handlers=>[:raw, :erb, :html, :builder, :ruby, :coffee, :jbuilder]}. Searched in:
  * "/home/priyesh/App_Academy_Class/W6/W6D5-Classwork/app/views":
  app/views/cats/index.html.erb:5:in `block in _app_views_cats_index_html_erb__3380692733676416068_70104303850780'
  app/views/cats/index.html.erb:2:in `_app_views_cats_index_html_erb__3380692733676416068_70104303850780'
  app/controllers/cats_controller.rb:5:in `index'

Started POST "/__better_errors/9def8bccfb1d08ed/variables" for ::1 at 2021-05-27 15:45:03 -0400
Started GET "/cats" for ::1 at 2021-05-27 15:46:59 -0400
Processing by CatsController#index as HTML
  Rendering cats/index.html.erb within layouts/application
  [1m[36mCat Load (1.2ms)[0m  [1m[34mSELECT "cats".* FROM "cats"[0m
  ↳ app/views/cats/index.html.erb:2
  Rendered cats/index.html.erb within layouts/application (7.1ms)
Completed 500 Internal Server Error in 13ms (ActiveRecord: 1.2ms)



ArgumentError - ':cat' is not an ActiveModel-compatible object. It must implement :to_partial_path.:
  app/views/cats/index.html.erb:5:in `block in _app_views_cats_index_html_erb__3380692733676416068_47010015145660'
  app/views/cats/index.html.erb:2:in `_app_views_cats_index_html_erb__3380692733676416068_47010015145660'
  app/controllers/cats_controller.rb:5:in `index'

Started POST "/__better_errors/0d33594f1af3d726/variables" for ::1 at 2021-05-27 15:46:59 -0400
Started GET "/cats" for ::1 at 2021-05-27 15:47:29 -0400
Processing by CatsController#index as HTML
  Rendering cats/index.html.erb within layouts/application
  [1m[36mCat Load (0.7ms)[0m  [1m[34mSELECT "cats".* FROM "cats"[0m
  ↳ app/views/cats/index.html.erb:2
  Rendered cats/index.html.erb within layouts/application (5.3ms)
Completed 500 Internal Server Error in 12ms (ActiveRecord: 0.7ms)



ActionView::MissingTemplate - Missing partial cats/_cat with {:locale=>[:en], :formats=>[:html], :variants=>[], :handlers=>[:raw, :erb, :html, :builder, :ruby, :coffee, :jbuilder]}. Searched in:
  * "/home/priyesh/App_Academy_Class/W6/W6D5-Classwork/app/views":
  app/views/cats/index.html.erb:5:in `block in _app_views_cats_index_html_erb__3380692733676416068_70104212200340'
  app/views/cats/index.html.erb:2:in `_app_views_cats_index_html_erb__3380692733676416068_70104212200340'
  app/controllers/cats_controller.rb:5:in `index'

Started POST "/__better_errors/1e292d395f70a07a/variables" for ::1 at 2021-05-27 15:47:29 -0400
Started GET "/cats" for ::1 at 2021-05-27 16:06:51 -0400
Processing by CatsController#index as HTML
  Rendering cats/index.html.erb within layouts/application
  [1m[36mCat Load (0.7ms)[0m  [1m[34mSELECT "cats".* FROM "cats"[0m
  ↳ app/views/cats/index.html.erb:2
  Rendered cats/index.html.erb within layouts/application (4.0ms)
Completed 200 OK in 21ms (Views: 18.8ms | ActiveRecord: 0.7ms)


Started GET "/cats" for ::1 at 2021-05-27 16:07:18 -0400
Processing by CatsController#index as HTML
  Rendering cats/index.html.erb within layouts/application
  [1m[36mCat Load (2.4ms)[0m  [1m[34mSELECT "cats".* FROM "cats"[0m
  ↳ app/views/cats/index.html.erb:2
  Rendered cats/index.html.erb within layouts/application (6.0ms)
Completed 200 OK in 30ms (Views: 26.2ms | ActiveRecord: 2.4ms)


Started GET "/cats" for ::1 at 2021-05-27 16:07:48 -0400
Processing by CatsController#index as HTML
  Rendering cats/index.html.erb within layouts/application
  Rendered cats/index.html.erb within layouts/application (3.5ms)
Completed 500 Internal Server Error in 10ms (ActiveRecord: 0.0ms)



SyntaxError - syntax error, unexpected ')', expecting '='
..., cat.age, cat.color, cat.sex );@output_buffer.safe_append='
...                              ^
/home/priyesh/App_Academy_Class/W6/W6D5-Classwork/app/views/cats/index.html.erb:11: syntax error, unexpected keyword_end, expecting ')'
'.freeze;end
         ^~~
/home/priyesh/App_Academy_Class/W6/W6D5-Classwork/app/views/cats/index.html.erb:14: syntax error, unexpected keyword_ensure, expecting ')'
          ensure
          ^~~~~~
/home/priyesh/App_Academy_Class/W6/W6D5-Classwork/app/views/cats/index.html.erb:16: syntax error, unexpected keyword_end, expecting ')'
          end
          ^~~:
  app/views/cats/index.html.erb:5:in `'
  app/controllers/cats_controller.rb:5:in `index'

Started POST "/__better_errors/6d2d2e95c9662431/variables" for ::1 at 2021-05-27 16:07:49 -0400
  [1m[36mCat Load (0.7ms)[0m  [1m[34mSELECT  "cats".* FROM "cats" LIMIT $1[0m  [["LIMIT", 11]]
  ↳ /home/priyesh/.rbenv/versions/2.5.1/lib/ruby/gems/2.5.0/gems/activerecord-5.2.6/lib/active_record/log_subscriber.rb:98
Started GET "/cats" for ::1 at 2021-05-27 16:08:25 -0400
Processing by CatsController#index as HTML
  Rendering cats/index.html.erb within layouts/application
  [1m[36mCat Load (0.9ms)[0m  [1m[34mSELECT "cats".* FROM "cats"[0m
  ↳ app/views/cats/index.html.erb:2
  Rendered cats/index.html.erb within layouts/application (37.5ms)
Completed 200 OK in 77ms (Views: 74.7ms | ActiveRecord: 0.9ms)


Started GET "/cats" for ::1 at 2021-05-27 16:11:08 -0400
Processing by CatsController#index as HTML
  Rendering cats/index.html.erb within layouts/application
  [1m[36mCat Load (0.6ms)[0m  [1m[34mSELECT "cats".* FROM "cats"[0m
  ↳ app/views/cats/index.html.erb:2
  Rendered cats/index.html.erb within layouts/application (5.7ms)
Completed 200 OK in 41ms (Views: 39.8ms | ActiveRecord: 0.6ms)


Started GET "/cats" for ::1 at 2021-05-27 16:14:21 -0400
Processing by CatsController#index as HTML
  Rendering cats/index.html.erb within layouts/application
  [1m[36mCat Load (0.6ms)[0m  [1m[34mSELECT "cats".* FROM "cats"[0m
  ↳ app/views/cats/index.html.erb:2
  Rendered cats/index.html.erb within layouts/application (18.7ms)
Completed 200 OK in 39ms (Views: 28.9ms | ActiveRecord: 6.7ms)


Started GET "/cats" for ::1 at 2021-05-27 16:16:07 -0400
  [1m[35m (2.2ms)[0m  [1m[34mSELECT "schema_migrations"."version" FROM "schema_migrations" ORDER BY "schema_migrations"."version" ASC[0m
  ↳ /home/priyesh/.rbenv/versions/2.5.1/lib/ruby/gems/2.5.0/gems/activerecord-5.2.6/lib/active_record/log_subscriber.rb:98
Processing by CatsController#index as HTML
  Rendering cats/index.html.erb within layouts/application
  [1m[36mCat Load (1.2ms)[0m  [1m[34mSELECT "cats".* FROM "cats"[0m
  ↳ app/views/cats/index.html.erb:2
  Rendered cats/index.html.erb within layouts/application (20.7ms)
Completed 200 OK in 284ms (Views: 271.0ms | ActiveRecord: 7.5ms)


Started GET "/cats" for ::1 at 2021-05-27 16:17:30 -0400
Processing by CatsController#index as HTML
  Rendering cats/index.html.erb within layouts/application
  [1m[36mCat Load (0.7ms)[0m  [1m[34mSELECT "cats".* FROM "cats"[0m
  ↳ app/views/cats/index.html.erb:2
  Rendered cats/index.html.erb within layouts/application (3.9ms)
Completed 200 OK in 27ms (Views: 25.0ms | ActiveRecord: 0.7ms)


Started GET "/cats" for ::1 at 2021-05-27 16:17:33 -0400
Processing by CatsController#index as HTML
  Rendering cats/index.html.erb within layouts/application
  [1m[36mCat Load (0.9ms)[0m  [1m[34mSELECT "cats".* FROM "cats"[0m
  ↳ app/views/cats/index.html.erb:2
  Rendered cats/index.html.erb within layouts/application (4.6ms)
Completed 200 OK in 31ms (Views: 28.8ms | ActiveRecord: 0.9ms)


Started GET "/cats" for ::1 at 2021-05-27 16:18:17 -0400
Processing by CatsController#index as HTML
  Rendering cats/index.html.erb within layouts/application
  [1m[36mCat Load (0.8ms)[0m  [1m[34mSELECT "cats".* FROM "cats"[0m
  ↳ app/views/cats/index.html.erb:2
  Rendered cats/index.html.erb within layouts/application (4.2ms)
Completed 200 OK in 28ms (Views: 26.6ms | ActiveRecord: 0.8ms)


Started GET "/cats.1" for ::1 at 2021-05-27 16:18:19 -0400
Processing by CatsController#index as 
  Rendering cats/index.html.erb within layouts/application
  [1m[36mCat Load (1.2ms)[0m  [1m[34mSELECT "cats".* FROM "cats"[0m
  ↳ app/views/cats/index.html.erb:2
  Rendered cats/index.html.erb within layouts/application (4.4ms)
Completed 200 OK in 39ms (Views: 36.8ms | ActiveRecord: 1.2ms)


Started GET "/cats.1" for ::1 at 2021-05-27 16:18:20 -0400
Processing by CatsController#index as 
  Rendering cats/index.html.erb within layouts/application
  [1m[36mCat Load (1.0ms)[0m  [1m[34mSELECT "cats".* FROM "cats"[0m
  ↳ app/views/cats/index.html.erb:2
  Rendered cats/index.html.erb within layouts/application (5.9ms)
Completed 200 OK in 51ms (Views: 48.7ms | ActiveRecord: 1.0ms)


Started GET "/cats.1" for ::1 at 2021-05-27 16:18:21 -0400
Processing by CatsController#index as 
  Rendering cats/index.html.erb within layouts/application
  [1m[36mCat Load (1.0ms)[0m  [1m[34mSELECT "cats".* FROM "cats"[0m
  ↳ app/views/cats/index.html.erb:2
  Rendered cats/index.html.erb within layouts/application (5.4ms)
Completed 200 OK in 37ms (Views: 33.5ms | ActiveRecord: 1.0ms)


Started GET "/cats.1" for ::1 at 2021-05-27 16:18:26 -0400
Processing by CatsController#index as 
  Rendering cats/index.html.erb within layouts/application
  [1m[36mCat Load (0.7ms)[0m  [1m[34mSELECT "cats".* FROM "cats"[0m
  ↳ app/views/cats/index.html.erb:2
  Rendered cats/index.html.erb within layouts/application (5.3ms)
Completed 200 OK in 30ms (Views: 26.8ms | ActiveRecord: 0.7ms)


Started GET "/cats.1" for ::1 at 2021-05-27 16:18:27 -0400
Processing by CatsController#index as 
  Rendering cats/index.html.erb within layouts/application
  [1m[36mCat Load (1.6ms)[0m  [1m[34mSELECT "cats".* FROM "cats"[0m
  ↳ app/views/cats/index.html.erb:2
  Rendered cats/index.html.erb within layouts/application (7.6ms)
Completed 200 OK in 52ms (Views: 49.2ms | ActiveRecord: 1.6ms)


Started GET "/cats.1" for ::1 at 2021-05-27 16:21:06 -0400
Processing by CatsController#index as 
  Rendering cats/index.html.erb within layouts/application
  [1m[36mCat Load (0.9ms)[0m  [1m[34mSELECT "cats".* FROM "cats"[0m
  ↳ app/views/cats/index.html.erb:2
  Rendered cats/index.html.erb within layouts/application (4.6ms)
Completed 200 OK in 41ms (Views: 39.2ms | ActiveRecord: 0.9ms)


Started GET "/cats.1" for ::1 at 2021-05-27 16:21:15 -0400
Processing by CatsController#index as 
  Rendering cats/index.html.erb within layouts/application
  [1m[36mCat Load (0.7ms)[0m  [1m[34mSELECT "cats".* FROM "cats"[0m
  ↳ app/views/cats/index.html.erb:2
  Rendered cats/index.html.erb within layouts/application (3.9ms)
Completed 200 OK in 35ms (Views: 32.8ms | ActiveRecord: 0.7ms)


Started GET "/cats.1" for ::1 at 2021-05-27 16:21:16 -0400
Processing by CatsController#index as 
  Rendering cats/index.html.erb within layouts/application
  [1m[36mCat Load (0.6ms)[0m  [1m[34mSELECT "cats".* FROM "cats"[0m
  ↳ app/views/cats/index.html.erb:2
  Rendered cats/index.html.erb within layouts/application (4.2ms)
Completed 200 OK in 32ms (Views: 29.7ms | ActiveRecord: 0.6ms)


Started GET "/cats.1" for ::1 at 2021-05-27 16:21:19 -0400
Processing by CatsController#index as 
  Rendering cats/index.html.erb within layouts/application
  [1m[36mCat Load (0.8ms)[0m  [1m[34mSELECT "cats".* FROM "cats"[0m
  ↳ app/views/cats/index.html.erb:2
  Rendered cats/index.html.erb within layouts/application (4.5ms)
Completed 200 OK in 31ms (Views: 29.4ms | ActiveRecord: 0.8ms)


Started GET "/cats.1" for ::1 at 2021-05-27 16:21:21 -0400
Processing by CatsController#index as 
  Rendering cats/index.html.erb within layouts/application
  [1m[36mCat Load (1.9ms)[0m  [1m[34mSELECT "cats".* FROM "cats"[0m
  ↳ app/views/cats/index.html.erb:2
  Rendered cats/index.html.erb within layouts/application (8.2ms)
Completed 200 OK in 71ms (Views: 68.1ms | ActiveRecord: 1.9ms)


Started GET "/cats.1" for ::1 at 2021-05-27 16:21:22 -0400
Processing by CatsController#index as 
  Rendering cats/index.html.erb within layouts/application
  [1m[36mCat Load (0.7ms)[0m  [1m[34mSELECT "cats".* FROM "cats"[0m
  ↳ app/views/cats/index.html.erb:2
  Rendered cats/index.html.erb within layouts/application (4.5ms)
Completed 200 OK in 34ms (Views: 32.0ms | ActiveRecord: 0.7ms)


  [1m[35m (0.9ms)[0m  [1m[34mSELECT "schema_migrations"."version" FROM "schema_migrations" ORDER BY "schema_migrations"."version" ASC[0m
  ↳ bin/rails:9
  [1m[35m (0.5ms)[0m  [1m[35mBEGIN[0m
  ↳ db/seeds.rb:9
  [1m[36mCat Destroy (0.7ms)[0m  [1m[31mDELETE FROM "cats"[0m
  ↳ db/seeds.rb:10
  [1m[36mCat Create (0.9ms)[0m  [1m[32mINSERT INTO "cats" ("birth_date", "created_at", "updated_at", "color", "name", "sex") VALUES ($1, $2, $3, $4, $5, $6) RETURNING "id"[0m  [["birth_date", "2020-01-03"], ["created_at", "2021-05-27 20:23:58.387875"], ["updated_at", "2021-05-27 20:23:58.387875"], ["color", "Gold"], ["name", "Whiskers"], ["sex", "M"]]
  ↳ db/seeds.rb:12
  [1m[36mCat Create (0.9ms)[0m  [1m[32mINSERT INTO "cats" ("birth_date", "created_at", "updated_at", "color", "name", "sex") VALUES ($1, $2, $3, $4, $5, $6) RETURNING "id"[0m  [["birth_date", "2020-01-03"], ["created_at", "2021-05-27 20:23:58.391073"], ["updated_at", "2021-05-27 20:23:58.391073"], ["color", "Gold"], ["name", "Sennnacy"], ["sex", "M"]]
  ↳ db/seeds.rb:13
  [1m[35m (5.4ms)[0m  [1m[35mCOMMIT[0m
  ↳ db/seeds.rb:9
Started GET "/cats.1" for ::1 at 2021-05-27 16:24:02 -0400
Processing by CatsController#index as 
  Rendering cats/index.html.erb within layouts/application
  [1m[36mCat Load (0.9ms)[0m  [1m[34mSELECT "cats".* FROM "cats"[0m
  ↳ app/views/cats/index.html.erb:2
  Rendered cats/index.html.erb within layouts/application (5.0ms)
Completed 200 OK in 29ms (Views: 27.3ms | ActiveRecord: 0.9ms)


Started GET "/cats.3" for ::1 at 2021-05-27 16:24:09 -0400
Processing by CatsController#index as 
  Rendering cats/index.html.erb within layouts/application
  [1m[36mCat Load (1.1ms)[0m  [1m[34mSELECT "cats".* FROM "cats"[0m
  ↳ app/views/cats/index.html.erb:2
  Rendered cats/index.html.erb within layouts/application (7.7ms)
Completed 200 OK in 40ms (Views: 37.5ms | ActiveRecord: 1.1ms)


Started GET "/cats.3" for ::1 at 2021-05-27 16:24:10 -0400
Processing by CatsController#index as 
  Rendering cats/index.html.erb within layouts/application
  [1m[36mCat Load (0.9ms)[0m  [1m[34mSELECT "cats".* FROM "cats"[0m
  ↳ app/views/cats/index.html.erb:2
  Rendered cats/index.html.erb within layouts/application (6.0ms)
Completed 200 OK in 48ms (Views: 45.6ms | ActiveRecord: 0.9ms)


Started GET "/cats/1" for ::1 at 2021-05-27 16:24:28 -0400
Processing by CatsController#show as HTML
  Parameters: {"id"=>"1"}
  [1m[36mCat Load (1.0ms)[0m  [1m[34mSELECT  "cats".* FROM "cats" WHERE "cats"."id" = $1 LIMIT $2[0m  [["id", 1], ["LIMIT", 1]]
  ↳ app/controllers/cats_controller.rb:11
  Rendering cats/show.html.erb within layouts/application
  Rendered cats/show.html.erb within layouts/application (8.1ms)
Completed 500 Internal Server Error in 40ms (ActiveRecord: 2.3ms)



NoMethodError - undefined method `name' for nil:NilClass:
  app/views/cats/show.html.erb:4:in `_app_views_cats_show_html_erb__1972962681732384715_70143070304640'
  app/controllers/cats_controller.rb:12:in `show'

Started POST "/__better_errors/bf5b0524cb020587/variables" for ::1 at 2021-05-27 16:24:28 -0400
Started GET "/cats/1" for ::1 at 2021-05-27 16:25:21 -0400
Processing by CatsController#show as HTML
  Parameters: {"id"=>"1"}
  [1m[36mCat Load (0.8ms)[0m  [1m[34mSELECT  "cats".* FROM "cats" WHERE "cats"."id" = $1 LIMIT $2[0m  [["id", 1], ["LIMIT", 1]]
  ↳ app/controllers/cats_controller.rb:11
  Rendering cats/show.html.erb within layouts/application
  Rendered cats/show.html.erb within layouts/application (408.8ms)
Completed 500 Internal Server Error in 415ms (ActiveRecord: 0.8ms)



NameError - undefined local variable or method `cat' for #<#<Class:0x000055e6b00094d8>:0x00007f96f41f1700>
Did you mean?  @cat:
  app/views/cats/show.html.erb:4:in `_app_views_cats_show_html_erb__1972962681732384715_70143158747260'
  app/controllers/cats_controller.rb:12:in `show'

Started POST "/__better_errors/4125abf4d1dad298/variables" for ::1 at 2021-05-27 16:25:22 -0400
Started GET "/cats/1" for ::1 at 2021-05-27 16:25:23 -0400
Processing by CatsController#show as HTML
  Parameters: {"id"=>"1"}
  [1m[36mCat Load (1.2ms)[0m  [1m[34mSELECT  "cats".* FROM "cats" WHERE "cats"."id" = $1 LIMIT $2[0m  [["id", 1], ["LIMIT", 1]]
  ↳ app/controllers/cats_controller.rb:11
  Rendering cats/show.html.erb within layouts/application
  Rendered cats/show.html.erb within layouts/application (624.9ms)
Completed 500 Internal Server Error in 633ms (ActiveRecord: 1.2ms)



NameError - undefined local variable or method `cat' for #<#<Class:0x000055e6b00094d8>:0x00007f96e8ad9400>
Did you mean?  @cat:
  app/views/cats/show.html.erb:4:in `_app_views_cats_show_html_erb__1972962681732384715_70143062799040'
  app/controllers/cats_controller.rb:12:in `show'

Started POST "/__better_errors/84f495ac1811b938/variables" for ::1 at 2021-05-27 16:25:24 -0400
Started GET "/cats/1" for ::1 at 2021-05-27 16:26:49 -0400
Processing by CatsController#show as HTML
  Parameters: {"id"=>"1"}
  [1m[36mCat Load (0.8ms)[0m  [1m[34mSELECT  "cats".* FROM "cats" WHERE "cats"."id" = $1 LIMIT $2[0m  [["id", 1], ["LIMIT", 1]]
  ↳ app/controllers/cats_controller.rb:11
  Rendering cats/show.html.erb within layouts/application
  Rendered cats/show.html.erb within layouts/application (14.0ms)
Completed 500 Internal Server Error in 24ms (ActiveRecord: 0.8ms)



NoMethodError - undefined method `name' for nil:NilClass:
  app/views/cats/show.html.erb:4:in `_app_views_cats_show_html_erb__1972962681732384715_70143072182420'
  app/controllers/cats_controller.rb:12:in `show'

Started POST "/__better_errors/4b82838f950f5898/variables" for ::1 at 2021-05-27 16:26:49 -0400
Started GET "/cats/1" for ::1 at 2021-05-27 16:27:29 -0400
Processing by CatsController#show as HTML
  Parameters: {"id"=>"1"}
  [1m[36mCat Load (0.6ms)[0m  [1m[34mSELECT  "cats".* FROM "cats" WHERE "cats"."id" = $1 LIMIT $2[0m  [["id", 1], ["LIMIT", 1]]
  ↳ app/controllers/cats_controller.rb:11
Completed 404 Not Found in 14ms (ActiveRecord: 6.9ms)



ActiveRecord::RecordNotFound - Couldn't find Cat with 'id'=1:
  app/controllers/cats_controller.rb:11:in `show'

Started POST "/__better_errors/26a7327e8e00c037/variables" for ::1 at 2021-05-27 16:27:29 -0400
Started GET "/cats/1" for ::1 at 2021-05-27 16:27:51 -0400
Processing by CatsController#show as HTML
  Parameters: {"id"=>"1"}
  [1m[36mCat Load (1.2ms)[0m  [1m[34mSELECT  "cats".* FROM "cats" WHERE "cats"."id" = $1 LIMIT $2[0m  [["id", 1], ["LIMIT", 1]]
  ↳ app/controllers/cats_controller.rb:11
Completed 404 Not Found in 7ms (ActiveRecord: 1.2ms)



ActiveRecord::RecordNotFound - Couldn't find Cat with 'id'=1:
  app/controllers/cats_controller.rb:11:in `show'

Started POST "/__better_errors/a7b91214a4d4a7d8/variables" for ::1 at 2021-05-27 16:27:51 -0400
Started GET "/cats" for ::1 at 2021-05-27 16:27:55 -0400
Processing by CatsController#index as HTML
  Rendering cats/index.html.erb within layouts/application
  [1m[36mCat Load (0.8ms)[0m  [1m[34mSELECT "cats".* FROM "cats"[0m
  ↳ app/views/cats/index.html.erb:2
  Rendered cats/index.html.erb within layouts/application (14.8ms)
Completed 200 OK in 36ms (Views: 33.8ms | ActiveRecord: 0.8ms)


Started GET "/cats" for ::1 at 2021-05-27 16:28:04 -0400
Processing by CatsController#index as HTML
  Rendering cats/index.html.erb within layouts/application
  [1m[36mCat Load (0.6ms)[0m  [1m[34mSELECT "cats".* FROM "cats"[0m
  ↳ app/views/cats/index.html.erb:2
  Rendered cats/index.html.erb within layouts/application (3.4ms)
Completed 200 OK in 24ms (Views: 22.2ms | ActiveRecord: 0.6ms)


Started GET "/cats" for ::1 at 2021-05-27 16:28:04 -0400
Processing by CatsController#index as HTML
  Rendering cats/index.html.erb within layouts/application
  [1m[36mCat Load (0.8ms)[0m  [1m[34mSELECT "cats".* FROM "cats"[0m
  ↳ app/views/cats/index.html.erb:2
  Rendered cats/index.html.erb within layouts/application (7.0ms)
Completed 200 OK in 28ms (Views: 26.1ms | ActiveRecord: 0.8ms)


Started GET "/cats" for ::1 at 2021-05-27 16:29:13 -0400
Processing by CatsController#index as HTML
  Rendering cats/index.html.erb within layouts/application
  [1m[36mCat Load (0.8ms)[0m  [1m[34mSELECT "cats".* FROM "cats"[0m
  ↳ app/views/cats/index.html.erb:2
  Rendered cats/index.html.erb within layouts/application (5.6ms)
Completed 200 OK in 35ms (Views: 32.9ms | ActiveRecord: 0.8ms)


Started GET "/cats" for ::1 at 2021-05-27 16:29:14 -0400
Processing by CatsController#index as HTML
  Rendering cats/index.html.erb within layouts/application
  [1m[36mCat Load (2.3ms)[0m  [1m[34mSELECT "cats".* FROM "cats"[0m
  ↳ app/views/cats/index.html.erb:2
  Rendered cats/index.html.erb within layouts/application (14.4ms)
Completed 200 OK in 40ms (Views: 36.6ms | ActiveRecord: 2.3ms)


  [1m[35m (1.2ms)[0m  [1m[34mSELECT "schema_migrations"."version" FROM "schema_migrations" ORDER BY "schema_migrations"."version" ASC[0m
  ↳ bin/rails:9
  [1m[35m (0.5ms)[0m  [1m[35mBEGIN[0m
  ↳ db/seeds.rb:9
  [1m[36mCat Destroy (0.9ms)[0m  [1m[31mDELETE FROM "cats"[0m
  ↳ db/seeds.rb:10
  [1m[36mCat Create (1.1ms)[0m  [1m[32mINSERT INTO "cats" ("id", "birth_date", "created_at", "updated_at", "color", "name", "sex") VALUES ($1, $2, $3, $4, $5, $6, $7) RETURNING "id"[0m  [["id", 1], ["birth_date", "2020-01-03"], ["created_at", "2021-05-27 20:29:25.850418"], ["updated_at", "2021-05-27 20:29:25.850418"], ["color", "Gold"], ["name", "Whiskers"], ["sex", "M"]]
  ↳ db/seeds.rb:12
  [1m[36mCat Create (0.8ms)[0m  [1m[32mINSERT INTO "cats" ("id", "birth_date", "created_at", "updated_at", "color", "name", "sex") VALUES ($1, $2, $3, $4, $5, $6, $7) RETURNING "id"[0m  [["id", 2], ["birth_date", "2020-01-03"], ["created_at", "2021-05-27 20:29:25.854554"], ["updated_at", "2021-05-27 20:29:25.854554"], ["color", "Gold"], ["name", "Sennnacy"], ["sex", "M"]]
  ↳ db/seeds.rb:13
  [1m[35m (6.0ms)[0m  [1m[35mCOMMIT[0m
  ↳ db/seeds.rb:9
Started GET "/cats" for ::1 at 2021-05-27 16:29:28 -0400
Processing by CatsController#index as HTML
  Rendering cats/index.html.erb within layouts/application
  [1m[36mCat Load (0.9ms)[0m  [1m[34mSELECT "cats".* FROM "cats"[0m
  ↳ app/views/cats/index.html.erb:2
  Rendered cats/index.html.erb within layouts/application (6.7ms)
Completed 200 OK in 38ms (Views: 36.2ms | ActiveRecord: 0.9ms)


Started GET "/cats/1" for ::1 at 2021-05-27 16:29:33 -0400
Processing by CatsController#show as HTML
  Parameters: {"id"=>"1"}
  [1m[36mCat Load (0.6ms)[0m  [1m[34mSELECT  "cats".* FROM "cats" WHERE "cats"."id" = $1 LIMIT $2[0m  [["id", 1], ["LIMIT", 1]]
  ↳ app/controllers/cats_controller.rb:11
  Rendering cats/show.html.erb within layouts/application
  Rendered cats/show.html.erb within layouts/application (1.5ms)
Completed 200 OK in 26ms (Views: 22.6ms | ActiveRecord: 0.6ms)


Started GET "/cats/2" for ::1 at 2021-05-27 16:29:39 -0400
Processing by CatsController#show as HTML
  Parameters: {"id"=>"2"}
  [1m[36mCat Load (0.6ms)[0m  [1m[34mSELECT  "cats".* FROM "cats" WHERE "cats"."id" = $1 LIMIT $2[0m  [["id", 2], ["LIMIT", 1]]
  ↳ app/controllers/cats_controller.rb:11
  Rendering cats/show.html.erb within layouts/application
  Rendered cats/show.html.erb within layouts/application (1.3ms)
Completed 200 OK in 31ms (Views: 27.7ms | ActiveRecord: 0.6ms)


Started GET "/cats" for ::1 at 2021-05-27 16:30:10 -0400
Processing by CatsController#index as HTML
  Rendering cats/index.html.erb within layouts/application
  [1m[36mCat Load (0.6ms)[0m  [1m[34mSELECT "cats".* FROM "cats"[0m
  ↳ app/views/cats/index.html.erb:2
  Rendered cats/index.html.erb within layouts/application (4.0ms)
Completed 200 OK in 24ms (Views: 22.3ms | ActiveRecord: 0.6ms)


Started GET "/cats.1" for ::1 at 2021-05-27 16:30:12 -0400
Processing by CatsController#index as 
  Rendering cats/index.html.erb within layouts/application
  [1m[36mCat Load (1.0ms)[0m  [1m[34mSELECT "cats".* FROM "cats"[0m
  ↳ app/views/cats/index.html.erb:2
  Rendered cats/index.html.erb within layouts/application (5.1ms)
Completed 200 OK in 34ms (Views: 31.8ms | ActiveRecord: 1.0ms)


Started GET "/cats.2" for ::1 at 2021-05-27 16:30:15 -0400
Processing by CatsController#index as 
  Rendering cats/index.html.erb within layouts/application
  [1m[36mCat Load (0.8ms)[0m  [1m[34mSELECT "cats".* FROM "cats"[0m
  ↳ app/views/cats/index.html.erb:2
  Rendered cats/index.html.erb within layouts/application (7.4ms)
Completed 200 OK in 44ms (Views: 40.3ms | ActiveRecord: 0.8ms)


Started GET "/cats.1" for ::1 at 2021-05-27 16:30:16 -0400
Processing by CatsController#index as 
  Rendering cats/index.html.erb within layouts/application
  [1m[36mCat Load (0.7ms)[0m  [1m[34mSELECT "cats".* FROM "cats"[0m
  ↳ app/views/cats/index.html.erb:2
  Rendered cats/index.html.erb within layouts/application (6.0ms)
Completed 200 OK in 45ms (Views: 43.0ms | ActiveRecord: 0.7ms)


Started GET "/cats.1" for ::1 at 2021-05-27 16:31:32 -0400
Processing by CatsController#index as 
  Rendering cats/index.html.erb within layouts/application
  [1m[36mCat Load (2.4ms)[0m  [1m[34mSELECT "cats".* FROM "cats"[0m
  ↳ app/views/cats/index.html.erb:2
  Rendered cats/index.html.erb within layouts/application (10.6ms)
Completed 200 OK in 49ms (Views: 45.7ms | ActiveRecord: 2.4ms)


Started GET "/cats/1" for ::1 at 2021-05-27 16:31:34 -0400
Processing by CatsController#show as HTML
  Parameters: {"id"=>"1"}
  [1m[36mCat Load (0.9ms)[0m  [1m[34mSELECT  "cats".* FROM "cats" WHERE "cats"."id" = $1 LIMIT $2[0m  [["id", 1], ["LIMIT", 1]]
  ↳ app/controllers/cats_controller.rb:11
  Rendering cats/show.html.erb within layouts/application
  Rendered cats/show.html.erb within layouts/application (3.4ms)
Completed 200 OK in 36ms (Views: 31.4ms | ActiveRecord: 0.9ms)


Started GET "/cats" for ::1 at 2021-05-27 16:31:35 -0400
Processing by CatsController#index as HTML
  Rendering cats/index.html.erb within layouts/application
  [1m[36mCat Load (1.2ms)[0m  [1m[34mSELECT "cats".* FROM "cats"[0m
  ↳ app/views/cats/index.html.erb:2
  Rendered cats/index.html.erb within layouts/application (7.6ms)
Completed 200 OK in 40ms (Views: 37.9ms | ActiveRecord: 1.2ms)


Started GET "/cats/2" for ::1 at 2021-05-27 16:31:36 -0400
Processing by CatsController#show as HTML
  Parameters: {"id"=>"2"}
  [1m[36mCat Load (2.0ms)[0m  [1m[34mSELECT  "cats".* FROM "cats" WHERE "cats"."id" = $1 LIMIT $2[0m  [["id", 2], ["LIMIT", 1]]
  ↳ app/controllers/cats_controller.rb:11
  Rendering cats/show.html.erb within layouts/application
  Rendered cats/show.html.erb within layouts/application (1.8ms)
Completed 200 OK in 41ms (Views: 30.4ms | ActiveRecord: 2.0ms)


Started GET "/cats" for ::1 at 2021-05-27 16:31:38 -0400
Processing by CatsController#index as HTML
  Rendering cats/index.html.erb within layouts/application
  [1m[36mCat Load (1.0ms)[0m  [1m[34mSELECT "cats".* FROM "cats"[0m
  ↳ app/views/cats/index.html.erb:2
  Rendered cats/index.html.erb within layouts/application (6.6ms)
Completed 200 OK in 39ms (Views: 36.2ms | ActiveRecord: 1.0ms)


Started GET "/" for ::1 at 2021-05-27 15:51:02 -0500
  [1m[35m (2.5ms)[0m  [1m[34mSELECT "schema_migrations"."version" FROM "schema_migrations" ORDER BY "schema_migrations"."version" ASC[0m
  ↳ /Users/jonchen/.rbenv/versions/2.5.1/lib/ruby/gems/2.5.0/gems/activerecord-5.2.6/lib/active_record/log_subscriber.rb:98
Processing by Rails::WelcomeController#index as HTML
  Rendering /Users/jonchen/.rbenv/versions/2.5.1/lib/ruby/gems/2.5.0/gems/railties-5.2.6/lib/rails/templates/rails/welcome/index.html.erb
  Rendered /Users/jonchen/.rbenv/versions/2.5.1/lib/ruby/gems/2.5.0/gems/railties-5.2.6/lib/rails/templates/rails/welcome/index.html.erb (54.3ms)
Completed 200 OK in 307ms (Views: 157.1ms | ActiveRecord: 0.0ms)


Started GET "/cats" for ::1 at 2021-05-27 15:51:11 -0500
Processing by CatsController#index as HTML
  Rendering cats/index.html.erb within layouts/application
  [1m[36mCat Load (3.0ms)[0m  [1m[34mSELECT "cats".* FROM "cats"[0m
  ↳ app/views/cats/index.html.erb:2
  Rendered cats/index.html.erb within layouts/application (119.1ms)
Completed 200 OK in 3110ms (Views: 3010.5ms | ActiveRecord: 63.8ms)


  [1m[35m (1.7ms)[0m  [1m[34mSELECT "schema_migrations"."version" FROM "schema_migrations" ORDER BY "schema_migrations"."version" ASC[0m
  ↳ bin/rails:9
  [1m[35m (0.2ms)[0m  [1m[35mBEGIN[0m
  ↳ db/seeds.rb:9
  [1m[36mCat Destroy (2.3ms)[0m  [1m[31mDELETE FROM "cats"[0m
  ↳ db/seeds.rb:10
  [1m[36mCat Create (0.9ms)[0m  [1m[32mINSERT INTO "cats" ("id", "birth_date", "created_at", "updated_at", "color", "name", "sex") VALUES ($1, $2, $3, $4, $5, $6, $7) RETURNING "id"[0m  [["id", 1], ["birth_date", "2020-01-03"], ["created_at", "2021-05-27 20:51:55.931874"], ["updated_at", "2021-05-27 20:51:55.931874"], ["color", "Gold"], ["name", "Whiskers"], ["sex", "M"]]
  ↳ db/seeds.rb:12
  [1m[36mCat Create (0.4ms)[0m  [1m[32mINSERT INTO "cats" ("id", "birth_date", "created_at", "updated_at", "color", "name", "sex") VALUES ($1, $2, $3, $4, $5, $6, $7) RETURNING "id"[0m  [["id", 2], ["birth_date", "2020-01-03"], ["created_at", "2021-05-27 20:51:55.935113"], ["updated_at", "2021-05-27 20:51:55.935113"], ["color", "Gold"], ["name", "Sennnacy"], ["sex", "M"]]
  ↳ db/seeds.rb:13
  [1m[35m (2.5ms)[0m  [1m[35mCOMMIT[0m
  ↳ db/seeds.rb:9
Started GET "/cats" for ::1 at 2021-05-27 15:51:57 -0500
Processing by CatsController#index as HTML
  Rendering cats/index.html.erb within layouts/application
  [1m[36mCat Load (2.1ms)[0m  [1m[34mSELECT "cats".* FROM "cats"[0m
  ↳ app/views/cats/index.html.erb:2
  Rendered cats/index.html.erb within layouts/application (15.7ms)
Completed 200 OK in 105ms (Views: 101.5ms | ActiveRecord: 2.1ms)


Started GET "/cats/new" for ::1 at 2021-05-27 15:52:04 -0500
Processing by CatsController#new as HTML
  Rendering cats/new.html.erb within layouts/application
  Rendered cats/new.html.erb within layouts/application (1.0ms)
Completed 200 OK in 72ms (Views: 70.9ms | ActiveRecord: 0.0ms)


Started POST "/cats" for ::1 at 2021-05-27 15:52:26 -0500

AbstractController::ActionNotFound - The action 'create' could not be found for CatsController:

Started POST "/__better_errors/7d7bc93a37f7a4fc/variables" for ::1 at 2021-05-27 15:52:27 -0500
Started POST "/cats" for ::1 at 2021-05-27 15:56:01 -0500
Processing by CatsController#create as HTML
  Parameters: {"cat"=>{"name"=>"Jeff", "birth_date"=>"2021-05-03"}, "user"=>{"sex"=>"male", "description"=>"best cat ever"}}
Completed 500 Internal Server Error in 772ms (ActiveRecord: 0.0ms)



NameError - undefined local variable or method `cat' for #<CatsController:0x00007fb059816be8>
Did you mean?  catch:
  app/controllers/cats_controller.rb:18:in `create'

Started POST "/__better_errors/5d885ed5b2e53419/variables" for ::1 at 2021-05-27 15:56:04 -0500
Started GET "/cats/new" for ::1 at 2021-05-27 15:56:09 -0500
Processing by CatsController#new as HTML
  Rendering cats/new.html.erb within layouts/application
  Rendered cats/new.html.erb within layouts/application (1.7ms)
Completed 200 OK in 176ms (Views: 174.9ms | ActiveRecord: 0.0ms)


Started POST "/cats" for ::1 at 2021-05-27 15:56:17 -0500
Processing by CatsController#create as HTML
  Parameters: {"cat"=>{"name"=>"asdasd", "birth_date"=>"2021-05-11"}, "user"=>{"sex"=>"male", "description"=>"asdasd"}}
Completed 500 Internal Server Error in 621ms (ActiveRecord: 0.0ms)



NameError - undefined local variable or method `cat' for #<CatsController:0x00007fb0590f53a0>
Did you mean?  catch:
  app/controllers/cats_controller.rb:18:in `create'

Started POST "/__better_errors/4a05aadf84900e0d/variables" for ::1 at 2021-05-27 15:56:19 -0500
Started GET "/cats/new" for ::1 at 2021-05-27 15:56:35 -0500
Processing by CatsController#new as HTML
  Rendering cats/new.html.erb within layouts/application
  Rendered cats/new.html.erb within layouts/application (1.9ms)
Completed 200 OK in 430ms (Views: 429.4ms | ActiveRecord: 0.0ms)


Started POST "/cats" for ::1 at 2021-05-27 15:56:47 -0500
Processing by CatsController#create as HTML
  Parameters: {"cat"=>{"name"=>"asdasd", "birth_date"=>"2021-05-03"}, "user"=>{"sex"=>"female", "description"=>"asdasd"}}
Completed 500 Internal Server Error in 795ms (ActiveRecord: 0.0ms)



NameError - undefined local variable or method `param' for #<CatsController:0x00007fb0591ae738>
Did you mean?  params
               params=:
  app/controllers/cats_controller.rb:27:in `cat_param'
  app/controllers/cats_controller.rb:18:in `create'

Started POST "/__better_errors/1c22c8f15f6aab3b/variables" for ::1 at 2021-05-27 15:56:49 -0500
Started GET "/cats/new" for ::1 at 2021-05-27 15:57:02 -0500
Processing by CatsController#new as HTML
  Rendering cats/new.html.erb within layouts/application
  Rendered cats/new.html.erb within layouts/application (6.2ms)
Completed 200 OK in 232ms (Views: 201.7ms | ActiveRecord: 0.0ms)


Started POST "/cats" for ::1 at 2021-05-27 15:57:11 -0500
Processing by CatsController#create as HTML
  Parameters: {"cat"=>{"name"=>"asdasd", "birth_date"=>"2021-04-25"}, "user"=>{"sex"=>"female", "description"=>"asdasd"}}
  [1m[35m (0.3ms)[0m  [1m[35mBEGIN[0m
  ↳ app/controllers/cats_controller.rb:19
  [1m[35m (0.3ms)[0m  [1m[31mROLLBACK[0m
  ↳ app/controllers/cats_controller.rb:19
  Rendering cats/new.html.erb within layouts/application
  Rendered cats/new.html.erb within layouts/application (0.9ms)
Completed 200 OK in 297ms (Views: 141.5ms | ActiveRecord: 36.5ms)


Started GET "/cats" for ::1 at 2021-05-27 15:57:16 -0500
Processing by CatsController#index as HTML
  Rendering cats/index.html.erb within layouts/application
  [1m[36mCat Load (0.6ms)[0m  [1m[34mSELECT "cats".* FROM "cats"[0m
  ↳ app/views/cats/index.html.erb:2
  Rendered cats/index.html.erb within layouts/application (5.7ms)
Completed 200 OK in 89ms (Views: 85.9ms | ActiveRecord: 0.6ms)


Started GET "/cats" for ::1 at 2021-05-27 15:57:23 -0500
Processing by CatsController#index as HTML
  Rendering cats/index.html.erb within layouts/application
  [1m[36mCat Load (0.7ms)[0m  [1m[34mSELECT "cats".* FROM "cats"[0m
  ↳ app/views/cats/index.html.erb:2
  Rendered cats/index.html.erb within layouts/application (6.1ms)
Completed 200 OK in 67ms (Views: 65.3ms | ActiveRecord: 0.7ms)


Started GET "/cats" for ::1 at 2021-05-27 15:57:25 -0500
Processing by CatsController#index as HTML
  Rendering cats/index.html.erb within layouts/application
  [1m[36mCat Load (3.1ms)[0m  [1m[34mSELECT "cats".* FROM "cats"[0m
  ↳ app/views/cats/index.html.erb:2
  Rendered cats/index.html.erb within layouts/application (9.2ms)
Completed 200 OK in 72ms (Views: 67.8ms | ActiveRecord: 3.1ms)


Started GET "/cats/3" for ::1 at 2021-05-27 15:57:28 -0500
Processing by CatsController#show as HTML
  Parameters: {"id"=>"3"}
  [1m[36mCat Load (0.8ms)[0m  [1m[34mSELECT  "cats".* FROM "cats" WHERE "cats"."id" = $1 LIMIT $2[0m  [["id", 3], ["LIMIT", 1]]
  ↳ app/controllers/cats_controller.rb:9
Completed 404 Not Found in 12ms (ActiveRecord: 1.5ms)



ActiveRecord::RecordNotFound - Couldn't find Cat with 'id'=3:
  app/controllers/cats_controller.rb:9:in `show'

Started POST "/__better_errors/00b99f1da03002ad/variables" for ::1 at 2021-05-27 15:57:29 -0500
Started GET "/cats/2" for ::1 at 2021-05-27 15:57:32 -0500
Processing by CatsController#show as HTML
  Parameters: {"id"=>"2"}
  [1m[36mCat Load (0.9ms)[0m  [1m[34mSELECT  "cats".* FROM "cats" WHERE "cats"."id" = $1 LIMIT $2[0m  [["id", 2], ["LIMIT", 1]]
  ↳ app/controllers/cats_controller.rb:9
  Rendering cats/show.html.erb within layouts/application
  Rendered cats/show.html.erb within layouts/application (2.8ms)
Completed 200 OK in 64ms (Views: 61.0ms | ActiveRecord: 0.9ms)


Started GET "/cats/4" for ::1 at 2021-05-27 15:57:34 -0500
Processing by CatsController#show as HTML
  Parameters: {"id"=>"4"}
  [1m[36mCat Load (1.8ms)[0m  [1m[34mSELECT  "cats".* FROM "cats" WHERE "cats"."id" = $1 LIMIT $2[0m  [["id", 4], ["LIMIT", 1]]
  ↳ app/controllers/cats_controller.rb:9
Completed 404 Not Found in 8ms (ActiveRecord: 1.8ms)



ActiveRecord::RecordNotFound - Couldn't find Cat with 'id'=4:
  app/controllers/cats_controller.rb:9:in `show'

Started POST "/__better_errors/2820844f7b6b2aa5/variables" for ::1 at 2021-05-27 15:57:35 -0500
Started GET "/cats/new" for ::1 at 2021-05-27 15:58:33 -0500
Processing by CatsController#new as HTML
  Rendering cats/new.html.erb within layouts/application
  Rendered cats/new.html.erb within layouts/application (1.3ms)
Completed 200 OK in 162ms (Views: 161.3ms | ActiveRecord: 0.0ms)


Started POST "/cats" for ::1 at 2021-05-27 15:58:42 -0500
Processing by CatsController#create as HTML
  Parameters: {"cat"=>{"name"=>"asdasd", "birth_date"=>"2020-12-30", "sex"=>"female", "description"=>"asdasd"}}
Unpermitted parameter: :description
  [1m[35m (5.5ms)[0m  [1m[35mBEGIN[0m
  ↳ app/controllers/cats_controller.rb:19
  [1m[35m (11.4ms)[0m  [1m[31mROLLBACK[0m
  ↳ app/controllers/cats_controller.rb:19
  Rendering cats/new.html.erb within layouts/application
  Rendered cats/new.html.erb within layouts/application (0.8ms)
Completed 200 OK in 299ms (Views: 270.4ms | ActiveRecord: 16.9ms)


Started GET "/cats" for ::1 at 2021-05-27 15:58:45 -0500
Processing by CatsController#index as HTML
  Rendering cats/index.html.erb within layouts/application
  [1m[36mCat Load (2.6ms)[0m  [1m[34mSELECT "cats".* FROM "cats"[0m
  ↳ app/views/cats/index.html.erb:2
  Rendered cats/index.html.erb within layouts/application (8.4ms)
Completed 200 OK in 95ms (Views: 91.1ms | ActiveRecord: 2.6ms)


Started GET "/cats/new" for ::1 at 2021-05-27 15:59:05 -0500
Processing by CatsController#new as HTML
  Rendering cats/new.html.erb within layouts/application
  Rendered cats/new.html.erb within layouts/application (0.8ms)
Completed 200 OK in 107ms (Views: 106.3ms | ActiveRecord: 0.0ms)


Started POST "/cats" for ::1 at 2021-05-27 15:59:12 -0500
Processing by CatsController#create as HTML
  Parameters: {"cat"=>{"name"=>"asdasd", "birth_date"=>"2021-05-04", "sex"=>"female", "description"=>""}}
  [1m[35m (1.8ms)[0m  [1m[35mBEGIN[0m
  ↳ app/controllers/cats_controller.rb:19
  [1m[35m (0.3ms)[0m  [1m[31mROLLBACK[0m
  ↳ app/controllers/cats_controller.rb:19
  Rendering cats/new.html.erb within layouts/application
  Rendered cats/new.html.erb within layouts/application (1.8ms)
Completed 200 OK in 240ms (Views: 158.4ms | ActiveRecord: 29.9ms)


Started GET "/cats" for ::1 at 2021-05-27 15:59:13 -0500
Processing by CatsController#index as HTML
  Rendering cats/index.html.erb within layouts/application
  [1m[36mCat Load (2.4ms)[0m  [1m[34mSELECT "cats".* FROM "cats"[0m
  ↳ app/views/cats/index.html.erb:2
  Rendered cats/index.html.erb within layouts/application (6.3ms)
Completed 200 OK in 121ms (Views: 117.3ms | ActiveRecord: 2.4ms)


Started GET "/cats/new" for ::1 at 2021-05-27 15:59:53 -0500
Processing by CatsController#new as HTML
  Rendering cats/new.html.erb within layouts/application
  Rendered cats/new.html.erb within layouts/application (1.4ms)
Completed 200 OK in 91ms (Views: 90.2ms | ActiveRecord: 0.0ms)


Started POST "/cats" for ::1 at 2021-05-27 16:00:01 -0500
Processing by CatsController#create as HTML
  Parameters: {"cat"=>{"name"=>"asdasd", "birth_date"=>"2020-12-10", "sex"=>"female", "description"=>"asdasd"}}
  [1m[35m (2.3ms)[0m  [1m[35mBEGIN[0m
  ↳ app/controllers/cats_controller.rb:19
  [1m[35m (5.0ms)[0m  [1m[31mROLLBACK[0m
  ↳ app/controllers/cats_controller.rb:19
  Rendering cats/new.html.erb within layouts/application
  Rendered cats/new.html.erb within layouts/application (1.4ms)
Completed 200 OK in 101ms (Views: 82.0ms | ActiveRecord: 7.3ms)


Started GET "/cats" for ::1 at 2021-05-27 16:00:03 -0500
Processing by CatsController#index as HTML
  Rendering cats/index.html.erb within layouts/application
  [1m[36mCat Load (1.8ms)[0m  [1m[34mSELECT "cats".* FROM "cats"[0m
  ↳ app/views/cats/index.html.erb:2
  Rendered cats/index.html.erb within layouts/application (6.7ms)
Completed 200 OK in 80ms (Views: 77.2ms | ActiveRecord: 1.8ms)


Started GET "/cats/new" for ::1 at 2021-05-27 16:01:12 -0500
Processing by CatsController#new as HTML
  Rendering cats/new.html.erb within layouts/application
  Rendered cats/new.html.erb within layouts/application (1.5ms)
Completed 200 OK in 92ms (Views: 90.8ms | ActiveRecord: 0.0ms)


Started POST "/cats" for ::1 at 2021-05-27 16:01:25 -0500
Processing by CatsController#create as HTML
  Parameters: {"cat"=>{"name"=>"asdasd", "birth_date"=>"2021-04-26", "sex"=>"male", "description"=>"asdasd"}}
  [1m[35m (0.3ms)[0m  [1m[35mBEGIN[0m
  ↳ app/controllers/cats_controller.rb:19
  [1m[35m (28.2ms)[0m  [1m[31mROLLBACK[0m
  ↳ app/controllers/cats_controller.rb:19
  Rendering cats/new.html.erb within layouts/application
  Rendered cats/new.html.erb within layouts/application (1.8ms)
Completed 200 OK in 286ms (Views: 114.6ms | ActiveRecord: 57.1ms)


Started GET "/cats" for ::1 at 2021-05-27 16:01:28 -0500
Processing by CatsController#index as HTML
  Rendering cats/index.html.erb within layouts/application
  [1m[36mCat Load (4.2ms)[0m  [1m[34mSELECT "cats".* FROM "cats"[0m
  ↳ app/views/cats/index.html.erb:2
  Rendered cats/index.html.erb within layouts/application (28.1ms)
Completed 200 OK in 115ms (Views: 109.1ms | ActiveRecord: 4.2ms)


Started GET "/cats/new" for ::1 at 2021-05-27 16:02:01 -0500
Processing by CatsController#new as HTML
  Rendering cats/new.html.erb within layouts/application
  Rendered cats/new.html.erb within layouts/application (4.5ms)
Completed 200 OK in 203ms (Views: 187.2ms | ActiveRecord: 0.0ms)


Started POST "/cats" for ::1 at 2021-05-27 16:02:08 -0500
Processing by CatsController#create as HTML
  Parameters: {"cat"=>{"name"=>"asdas", "birth_date"=>"2021-04-27", "sex"=>"female", "description"=>"asdasd"}}
  [1m[35m (0.3ms)[0m  [1m[35mBEGIN[0m
  ↳ app/controllers/cats_controller.rb:19
  [1m[35m (0.3ms)[0m  [1m[31mROLLBACK[0m
  ↳ app/controllers/cats_controller.rb:19
Completed 422 Unprocessable Entity in 239ms (ActiveRecord: 30.6ms)



ActiveRecord::RecordInvalid - Validation failed: Sex is not included in the list, Color is not included in the list:
  app/controllers/cats_controller.rb:19:in `create'

Started POST "/__better_errors/62cc32403d67d7f2/variables" for ::1 at 2021-05-27 16:02:09 -0500
Started GET "/cats/new" for ::1 at 2021-05-27 16:03:02 -0500
Processing by CatsController#new as HTML
  Rendering cats/new.html.erb within layouts/application
  Rendered cats/new.html.erb within layouts/application (0.8ms)
Completed 200 OK in 357ms (Views: 355.6ms | ActiveRecord: 0.0ms)


Started POST "/cats" for ::1 at 2021-05-27 16:03:09 -0500
Processing by CatsController#create as HTML
  Parameters: {"cat"=>{"name"=>"asdasd", "birth_date"=>"2021-04-27", "sex"=>"F", "description"=>"asdasd"}}
  [1m[35m (0.4ms)[0m  [1m[35mBEGIN[0m
  ↳ app/controllers/cats_controller.rb:19
  [1m[35m (2.8ms)[0m  [1m[31mROLLBACK[0m
  ↳ app/controllers/cats_controller.rb:19
Completed 422 Unprocessable Entity in 12ms (ActiveRecord: 3.2ms)



ActiveRecord::RecordInvalid - Validation failed: Color is not included in the list:
  app/controllers/cats_controller.rb:19:in `create'

Started POST "/__better_errors/6c455da7a0d49c6a/variables" for ::1 at 2021-05-27 16:03:10 -0500
Started GET "/cats/new" for ::1 at 2021-05-27 16:04:13 -0500
Processing by CatsController#new as HTML
  Rendering cats/new.html.erb within layouts/application
  Rendered cats/new.html.erb within layouts/application (1.8ms)
Completed 200 OK in 157ms (Views: 155.4ms | ActiveRecord: 0.0ms)


Started POST "/cats" for ::1 at 2021-05-27 16:04:21 -0500
Processing by CatsController#create as HTML
  Parameters: {"cat"=>{"name"=>"asdasd", "birth_date"=>"2021-04-27", "sex"=>"F", "description"=>"asdasd"}}
  [1m[35m (2.7ms)[0m  [1m[35mBEGIN[0m
  ↳ app/controllers/cats_controller.rb:19
  [1m[35m (4.7ms)[0m  [1m[31mROLLBACK[0m
  ↳ app/controllers/cats_controller.rb:19
Completed 422 Unprocessable Entity in 16ms (ActiveRecord: 7.4ms)



ActiveRecord::RecordInvalid - Validation failed: Color is not included in the list:
  app/controllers/cats_controller.rb:19:in `create'

Started POST "/__better_errors/99de762c7d76ee88/variables" for ::1 at 2021-05-27 16:04:22 -0500
Started GET "/cats/new" for ::1 at 2021-05-27 16:04:27 -0500
Processing by CatsController#new as HTML
  Rendering cats/new.html.erb within layouts/application
  Rendered cats/new.html.erb within layouts/application (1.6ms)
Completed 200 OK in 121ms (Views: 118.7ms | ActiveRecord: 0.0ms)


Started POST "/cats" for ::1 at 2021-05-27 16:04:38 -0500
Processing by CatsController#create as HTML
  Parameters: {"cat"=>{"name"=>"asdasd", "birth_date"=>"2021-04-26", "sex"=>"M", "description"=>"asdasd"}}
  [1m[35m (4.3ms)[0m  [1m[35mBEGIN[0m
  ↳ app/controllers/cats_controller.rb:19
  [1m[35m (3.5ms)[0m  [1m[31mROLLBACK[0m
  ↳ app/controllers/cats_controller.rb:19
Completed 422 Unprocessable Entity in 32ms (ActiveRecord: 7.8ms)



ActiveRecord::RecordInvalid - Validation failed: Color is not included in the list:
  app/controllers/cats_controller.rb:19:in `create'

Started POST "/__better_errors/50f9d543ac04db1a/variables" for ::1 at 2021-05-27 16:04:38 -0500
Started GET "/cats/new" for ::1 at 2021-05-27 16:07:48 -0500
Processing by CatsController#new as HTML
  Rendering cats/new.html.erb within layouts/application
  Rendered cats/new.html.erb within layouts/application (1.1ms)
Completed 200 OK in 240ms (Views: 238.7ms | ActiveRecord: 0.0ms)


Started POST "/cats" for ::1 at 2021-05-27 16:07:57 -0500
Processing by CatsController#create as HTML
  Parameters: {"cat"=>{"name"=>"asdasd", "birth_date"=>"2021-04-26", "color"=>"Yellow", "sex"=>"F", "description"=>"asdasd"}}
  [1m[35m (1.2ms)[0m  [1m[35mBEGIN[0m
  ↳ app/controllers/cats_controller.rb:19
  [1m[36mCat Create (62.3ms)[0m  [1m[32mINSERT INTO "cats" ("birth_date", "created_at", "updated_at", "color", "name", "sex", "description") VALUES ($1, $2, $3, $4, $5, $6, $7) RETURNING "id"[0m  [["birth_date", "2021-04-26"], ["created_at", "2021-05-27 21:07:57.080344"], ["updated_at", "2021-05-27 21:07:57.080344"], ["color", "Yellow"], ["name", "asdasd"], ["sex", "F"], ["description", "asdasd"]]
  ↳ app/controllers/cats_controller.rb:19
  [1m[35m (1.5ms)[0m  [1m[31mROLLBACK[0m
  ↳ app/controllers/cats_controller.rb:19
Completed 500 Internal Server Error in 136ms (ActiveRecord: 65.0ms)



ActiveRecord::RecordNotUnique - PG::UniqueViolation: ERROR:  duplicate key value violates unique constraint "cats_pkey"
DETAIL:  Key (id)=(2) already exists.
: INSERT INTO "cats" ("birth_date", "created_at", "updated_at", "color", "name", "sex", "description") VALUES ($1, $2, $3, $4, $5, $6, $7) RETURNING "id":
  app/controllers/cats_controller.rb:19:in `create'

Started POST "/__better_errors/62a3acee0b5b4d2e/variables" for ::1 at 2021-05-27 16:07:57 -0500
Started GET "/cats/new" for ::1 at 2021-05-27 16:09:32 -0500
Processing by CatsController#new as HTML
  Rendering cats/new.html.erb within layouts/application
  Rendered cats/new.html.erb within layouts/application (0.6ms)
Completed 200 OK in 286ms (Views: 285.0ms | ActiveRecord: 0.0ms)


Started POST "/cats" for ::1 at 2021-05-27 16:09:40 -0500
Processing by CatsController#create as HTML
  Parameters: {"cat"=>{"name"=>"asdasd", "birth_date"=>"2021-04-27", "color"=>"Gold", "sex"=>"F", "description"=>"asdasd"}}
  [1m[35m (1.6ms)[0m  [1m[35mBEGIN[0m
  ↳ app/controllers/cats_controller.rb:20
  [1m[36mCat Create (3.6ms)[0m  [1m[32mINSERT INTO "cats" ("birth_date", "created_at", "updated_at", "color", "name", "sex", "description") VALUES ($1, $2, $3, $4, $5, $6, $7) RETURNING "id"[0m  [["birth_date", "2021-04-27"], ["created_at", "2021-05-27 21:10:07.085887"], ["updated_at", "2021-05-27 21:10:07.085887"], ["color", "Gold"], ["name", "asdasd"], ["sex", "F"], ["description", "asdasd"]]
  ↳ app/controllers/cats_controller.rb:20
  [1m[35m (6.3ms)[0m  [1m[35mCOMMIT[0m
  ↳ app/controllers/cats_controller.rb:20
Started GET "/cats" for ::1 at 2021-05-27 16:10:56 -0500
  [1m[35m (1.8ms)[0m  [1m[34mSELECT "schema_migrations"."version" FROM "schema_migrations" ORDER BY "schema_migrations"."version" ASC[0m
  ↳ /Users/jonchen/.rbenv/versions/2.5.1/lib/ruby/gems/2.5.0/gems/activerecord-5.2.6/lib/active_record/log_subscriber.rb:98
Processing by CatsController#index as HTML
  Rendering cats/index.html.erb within layouts/application
  [1m[36mCat Load (3.6ms)[0m  [1m[34mSELECT "cats".* FROM "cats"[0m
  ↳ app/views/cats/index.html.erb:2
  Rendered cats/index.html.erb within layouts/application (107.2ms)
Completed 200 OK in 552ms (Views: 480.0ms | ActiveRecord: 32.7ms)


Started GET "/cats/1" for ::1 at 2021-05-27 16:11:05 -0500
Processing by CatsController#show as HTML
  Parameters: {"id"=>"1"}
  [1m[36mCat Load (8.0ms)[0m  [1m[34mSELECT  "cats".* FROM "cats" WHERE "cats"."id" = $1 LIMIT $2[0m  [["id", 1], ["LIMIT", 1]]
  ↳ app/controllers/cats_controller.rb:9
  Rendering cats/show.html.erb within layouts/application
  Rendered cats/show.html.erb within layouts/application (2.3ms)
Completed 200 OK in 120ms (Views: 93.6ms | ActiveRecord: 13.1ms)


Started GET "/cats/3" for ::1 at 2021-05-27 16:11:07 -0500
Processing by CatsController#show as HTML
  Parameters: {"id"=>"3"}
  [1m[36mCat Load (3.1ms)[0m  [1m[34mSELECT  "cats".* FROM "cats" WHERE "cats"."id" = $1 LIMIT $2[0m  [["id", 3], ["LIMIT", 1]]
  ↳ app/controllers/cats_controller.rb:9
  Rendering cats/show.html.erb within layouts/application
  Rendered cats/show.html.erb within layouts/application (1.7ms)
Completed 200 OK in 84ms (Views: 78.9ms | ActiveRecord: 3.1ms)


Started GET "/cats/new" for ::1 at 2021-05-27 16:15:42 -0500
Processing by CatsController#new as HTML
  Rendering cats/new.html.erb within layouts/application
  Rendered cats/new.html.erb within layouts/application (0.9ms)
Completed 200 OK in 107ms (Views: 106.2ms | ActiveRecord: 0.0ms)


Started GET "/cats/update" for ::1 at 2021-05-27 16:15:44 -0500
Processing by CatsController#show as HTML
  Parameters: {"id"=>"update"}
  [1m[36mCat Load (0.6ms)[0m  [1m[34mSELECT  "cats".* FROM "cats" WHERE "cats"."id" = $1 LIMIT $2[0m  [["id", 0], ["LIMIT", 1]]
  ↳ app/controllers/cats_controller.rb:9
Completed 404 Not Found in 49ms (ActiveRecord: 25.4ms)



ActiveRecord::RecordNotFound - Couldn't find Cat with 'id'=update:
  app/controllers/cats_controller.rb:9:in `show'

Started POST "/__better_errors/cdf8ee774d87a8a2/variables" for ::1 at 2021-05-27 16:15:45 -0500
Started GET "/cats/3" for ::1 at 2021-05-27 16:16:29 -0500
Processing by CatsController#show as HTML
  Parameters: {"id"=>"3"}
  [1m[36mCat Load (0.5ms)[0m  [1m[34mSELECT  "cats".* FROM "cats" WHERE "cats"."id" = $1 LIMIT $2[0m  [["id", 3], ["LIMIT", 1]]
  ↳ app/controllers/cats_controller.rb:9
  Rendering cats/show.html.erb within layouts/application
  Rendered cats/show.html.erb within layouts/application (1.2ms)
Completed 200 OK in 142ms (Views: 62.0ms | ActiveRecord: 14.3ms)


Started GET "/cats/3/edit" for ::1 at 2021-05-27 16:18:56 -0500
Processing by CatsController#edit as HTML
  Parameters: {"id"=>"3"}
  [1m[36mCat Load (0.5ms)[0m  [1m[34mSELECT  "cats".* FROM "cats" WHERE "cats"."id" = $1 LIMIT $2[0m  [["id", 3], ["LIMIT", 1]]
  ↳ app/controllers/cats_controller.rb:27
  Rendering cats/edit.html.erb within layouts/application
  Rendered cats/edit.html.erb within layouts/application (1.2ms)
Completed 200 OK in 149ms (Views: 74.0ms | ActiveRecord: 19.4ms)


Started PATCH "/cats" for ::1 at 2021-05-27 16:19:08 -0500
  
ActionController::RoutingError (No route matches [PATCH] "/cats"):
  
actionpack (5.2.6) lib/action_dispatch/middleware/debug_exceptions.rb:65:in `call'
web-console (3.7.0) lib/web_console/middleware.rb:135:in `call_app'
web-console (3.7.0) lib/web_console/middleware.rb:30:in `block in call'
web-console (3.7.0) lib/web_console/middleware.rb:20:in `catch'
web-console (3.7.0) lib/web_console/middleware.rb:20:in `call'
actionpack (5.2.6) lib/action_dispatch/middleware/show_exceptions.rb:33:in `call'
railties (5.2.6) lib/rails/rack/logger.rb:38:in `call_app'
railties (5.2.6) lib/rails/rack/logger.rb:26:in `block in call'
activesupport (5.2.6) lib/active_support/tagged_logging.rb:71:in `block in tagged'
activesupport (5.2.6) lib/active_support/tagged_logging.rb:28:in `tagged'
activesupport (5.2.6) lib/active_support/tagged_logging.rb:71:in `tagged'
railties (5.2.6) lib/rails/rack/logger.rb:26:in `call'
sprockets-rails (3.2.2) lib/sprockets/rails/quiet_assets.rb:13:in `call'
actionpack (5.2.6) lib/action_dispatch/middleware/remote_ip.rb:81:in `call'
actionpack (5.2.6) lib/action_dispatch/middleware/request_id.rb:27:in `call'
rack (2.2.3) lib/rack/method_override.rb:24:in `call'
rack (2.2.3) lib/rack/runtime.rb:22:in `call'
activesupport (5.2.6) lib/active_support/cache/strategy/local_cache_middleware.rb:29:in `call'
actionpack (5.2.6) lib/action_dispatch/middleware/executor.rb:14:in `call'
actionpack (5.2.6) lib/action_dispatch/middleware/static.rb:127:in `call'
rack (2.2.3) lib/rack/sendfile.rb:110:in `call'
railties (5.2.6) lib/rails/engine.rb:524:in `call'
puma (3.12.6) lib/puma/configuration.rb:227:in `call'
puma (3.12.6) lib/puma/server.rb:706:in `handle_request'
puma (3.12.6) lib/puma/server.rb:476:in `process_client'
puma (3.12.6) lib/puma/server.rb:334:in `block in run'
puma (3.12.6) lib/puma/thread_pool.rb:135:in `block in spawn_thread'
Started GET "/cats" for ::1 at 2021-05-27 16:20:53 -0500
Processing by CatsController#index as HTML
  Rendering cats/index.html.erb within layouts/application
  [1m[36mCat Load (2.0ms)[0m  [1m[34mSELECT "cats".* FROM "cats"[0m
  ↳ app/views/cats/index.html.erb:2
  Rendered cats/index.html.erb within layouts/application (6.5ms)
Completed 200 OK in 67ms (Views: 64.1ms | ActiveRecord: 2.0ms)


Started GET "/cats/3/edit" for ::1 at 2021-05-27 16:21:02 -0500
Processing by CatsController#edit as HTML
  Parameters: {"id"=>"3"}
  [1m[36mCat Load (1.1ms)[0m  [1m[34mSELECT  "cats".* FROM "cats" WHERE "cats"."id" = $1 LIMIT $2[0m  [["id", 3], ["LIMIT", 1]]
  ↳ app/controllers/cats_controller.rb:27
  Rendering cats/edit.html.erb within layouts/application
  Rendered cats/edit.html.erb within layouts/application (2.9ms)
Completed 200 OK in 64ms (Views: 60.2ms | ActiveRecord: 1.1ms)


Started PATCH "/cats.3" for ::1 at 2021-05-27 16:21:11 -0500
  
ActionController::RoutingError (No route matches [PATCH] "/cats.3"):
  
actionpack (5.2.6) lib/action_dispatch/middleware/debug_exceptions.rb:65:in `call'
web-console (3.7.0) lib/web_console/middleware.rb:135:in `call_app'
web-console (3.7.0) lib/web_console/middleware.rb:30:in `block in call'
web-console (3.7.0) lib/web_console/middleware.rb:20:in `catch'
web-console (3.7.0) lib/web_console/middleware.rb:20:in `call'
actionpack (5.2.6) lib/action_dispatch/middleware/show_exceptions.rb:33:in `call'
railties (5.2.6) lib/rails/rack/logger.rb:38:in `call_app'
railties (5.2.6) lib/rails/rack/logger.rb:26:in `block in call'
activesupport (5.2.6) lib/active_support/tagged_logging.rb:71:in `block in tagged'
activesupport (5.2.6) lib/active_support/tagged_logging.rb:28:in `tagged'
activesupport (5.2.6) lib/active_support/tagged_logging.rb:71:in `tagged'
railties (5.2.6) lib/rails/rack/logger.rb:26:in `call'
sprockets-rails (3.2.2) lib/sprockets/rails/quiet_assets.rb:13:in `call'
actionpack (5.2.6) lib/action_dispatch/middleware/remote_ip.rb:81:in `call'
actionpack (5.2.6) lib/action_dispatch/middleware/request_id.rb:27:in `call'
rack (2.2.3) lib/rack/method_override.rb:24:in `call'
rack (2.2.3) lib/rack/runtime.rb:22:in `call'
activesupport (5.2.6) lib/active_support/cache/strategy/local_cache_middleware.rb:29:in `call'
actionpack (5.2.6) lib/action_dispatch/middleware/executor.rb:14:in `call'
actionpack (5.2.6) lib/action_dispatch/middleware/static.rb:127:in `call'
rack (2.2.3) lib/rack/sendfile.rb:110:in `call'
railties (5.2.6) lib/rails/engine.rb:524:in `call'
puma (3.12.6) lib/puma/configuration.rb:227:in `call'
puma (3.12.6) lib/puma/server.rb:706:in `handle_request'
puma (3.12.6) lib/puma/server.rb:476:in `process_client'
puma (3.12.6) lib/puma/server.rb:334:in `block in run'
puma (3.12.6) lib/puma/thread_pool.rb:135:in `block in spawn_thread'
Started GET "/cats/3/edit" for ::1 at 2021-05-27 16:21:42 -0500
Processing by CatsController#edit as HTML
  Parameters: {"id"=>"3"}
  [1m[36mCat Load (3.9ms)[0m  [1m[34mSELECT  "cats".* FROM "cats" WHERE "cats"."id" = $1 LIMIT $2[0m  [["id", 3], ["LIMIT", 1]]
  ↳ app/controllers/cats_controller.rb:27
  Rendering cats/edit.html.erb within layouts/application
  Rendered cats/edit.html.erb within layouts/application (0.9ms)
Completed 200 OK in 73ms (Views: 66.9ms | ActiveRecord: 3.9ms)


Started PATCH "/cats/3" for ::1 at 2021-05-27 16:21:50 -0500
Processing by CatsController#update as HTML
  Parameters: {"cat"=>{"name"=>"asdasd", "birth_date"=>"2021-04-25", "color"=>"Black", "sex"=>"F", "description"=>"best cat ever"}, "id"=>"3"}
  [1m[36mCat Load (2.1ms)[0m  [1m[34mSELECT  "cats".* FROM "cats" WHERE "cats"."id" = $1 LIMIT $2[0m  [["id", 3], ["LIMIT", 1]]
  ↳ app/controllers/cats_controller.rb:32
  [1m[35m (0.9ms)[0m  [1m[35mBEGIN[0m
  ↳ app/controllers/cats_controller.rb:33
  [1m[36mCat Update (2.4ms)[0m  [1m[33mUPDATE "cats" SET "birth_date" = $1, "color" = $2, "description" = $3, "updated_at" = $4 WHERE "cats"."id" = $5[0m  [["birth_date", "2021-04-25"], ["color", "Black"], ["description", "best cat ever"], ["updated_at", "2021-05-27 21:21:50.667347"], ["id", 3]]
  ↳ app/controllers/cats_controller.rb:33
  [1m[35m (6.0ms)[0m  [1m[35mCOMMIT[0m
  ↳ app/controllers/cats_controller.rb:33
Redirected to http://localhost:3000/cats/3
Completed 302 Found in 25ms (ActiveRecord: 11.5ms)


Started GET "/cats/3" for ::1 at 2021-05-27 16:21:50 -0500
Processing by CatsController#show as HTML
  Parameters: {"id"=>"3"}
  [1m[36mCat Load (4.6ms)[0m  [1m[34mSELECT  "cats".* FROM "cats" WHERE "cats"."id" = $1 LIMIT $2[0m  [["id", 3], ["LIMIT", 1]]
  ↳ app/controllers/cats_controller.rb:9
  Rendering cats/show.html.erb within layouts/application
  Rendered cats/show.html.erb within layouts/application (3.6ms)
Completed 200 OK in 110ms (Views: 102.2ms | ActiveRecord: 4.6ms)


Started GET "/cats" for ::1 at 2021-05-27 16:22:39 -0500
Processing by CatsController#index as HTML
  Rendering cats/index.html.erb within layouts/application
  [1m[36mCat Load (1.7ms)[0m  [1m[34mSELECT "cats".* FROM "cats"[0m
  ↳ app/views/cats/index.html.erb:2
  Rendered cats/index.html.erb within layouts/application (20.0ms)
Completed 200 OK in 142ms (Views: 139.8ms | ActiveRecord: 1.7ms)


